<?xml version="1.0" encoding="UTF-8"?>
<testsuite name="petstore.Pet" tests="4" skipped="0" failures="0" errors="0" timestamp="2022-08-24T23:30:54" hostname="DESKTOP-FRS39MU" time="7.684">
  <properties/>
  <testcase name="incluirPet" classname="petstore.Pet" time="4.401"/>
  <testcase name="consultarPet" classname="petstore.Pet" time="1.235"/>
  <testcase name="alterarPet" classname="petstore.Pet" time="1.077"/>
  <testcase name="excluirPet" classname="petstore.Pet" time="0.956"/>
  <system-out><![CDATA[Request method:	POST
Request URI:	https://petstore.swagger.io/v2/pet
Proxy:			<none>
Request params:	<none>
Query params:	<none>
Form params:	<none>
Path params:	<none>
Headers:		Accept=*/*
				Content-Type=application/json; charset=UTF-8
Cookies:		<none>
Multiparts:		<none>
Body:
{
    "id": "0501199610",
    "category": {
        "id": 1,
        "name": "cattest2022"
    },
    "name": "Legolas",
    "photoUrls": [
        "string"
    ],
    "tags": [
        {
            "id": 202,
            "name": "cat category test"
        }
    ],
    "status": "available"
}
HTTP/1.1 200 OK
Date: Wed, 24 Aug 2022 23:30:41 GMT
Content-Type: application/json
Transfer-Encoding: chunked
Connection: keep-alive
Access-Control-Allow-Origin: *
Access-Control-Allow-Methods: GET, POST, DELETE, PUT
Access-Control-Allow-Headers: Content-Type, api_key, Authorization
Server: Jetty(9.2.9.v20150224)

{
    "id": 501199610,
    "category": {
        "id": 1,
        "name": "cattest2022"
    },
    "name": "Legolas",
    "photoUrls": [
        "string"
    ],
    "tags": [
        {
            "id": 202,
            "name": "cat category test"
        }
    ],
    "status": "available"
}
Request method:	GET
Request URI:	https://petstore.swagger.io/v2/pet/0501199610
Proxy:			<none>
Request params:	<none>
Query params:	<none>
Form params:	<none>
Path params:	<none>
Headers:		Accept=*/*
				Content-Type=application/json; charset=UTF-8
Cookies:		<none>
Multiparts:		<none>
Body:			<none>
HTTP/1.1 200 OK
Date: Wed, 24 Aug 2022 23:30:43 GMT
Content-Type: application/json
Transfer-Encoding: chunked
Connection: keep-alive
Access-Control-Allow-Origin: *
Access-Control-Allow-Methods: GET, POST, DELETE, PUT
Access-Control-Allow-Headers: Content-Type, api_key, Authorization
Server: Jetty(9.2.9.v20150224)

{
    "id": 501199610,
    "category": {
        "id": 1,
        "name": "cattest2022"
    },
    "name": "Legolas",
    "photoUrls": [
        "string"
    ],
    "tags": [
        {
            "id": 202,
            "name": "cat category test"
        }
    ],
    "status": "available"
}
O Token Ã© cattest2022
Request method:	PUT
Request URI:	https://petstore.swagger.io/v2/pet
Proxy:			<none>
Request params:	<none>
Query params:	<none>
Form params:	<none>
Path params:	<none>
Headers:		Accept=*/*
				Content-Type=application/json; charset=UTF-8
Cookies:		<none>
Multiparts:		<none>
Body:
{
    "id": "0501199610",
    "category": {
        "id": 1,
        "name": "cattest2022"
    },
    "name": "Legolas",
    "photoUrls": [
        "string"
    ],
    "tags": [
        {
            "id": 202,
            "name": "cat category test"
        }
    ],
    "status": "sold"
}
HTTP/1.1 200 OK
Date: Wed, 24 Aug 2022 23:30:45 GMT
Content-Type: application/json
Transfer-Encoding: chunked
Connection: keep-alive
Access-Control-Allow-Origin: *
Access-Control-Allow-Methods: GET, POST, DELETE, PUT
Access-Control-Allow-Headers: Content-Type, api_key, Authorization
Server: Jetty(9.2.9.v20150224)

{
    "id": 501199610,
    "category": {
        "id": 1,
        "name": "cattest2022"
    },
    "name": "Legolas",
    "photoUrls": [
        "string"
    ],
    "tags": [
        {
            "id": 202,
            "name": "cat category test"
        }
    ],
    "status": "sold"
}
Request method:	DELETE
Request URI:	https://petstore.swagger.io/v2/pet/501199610
Proxy:			<none>
Request params:	<none>
Query params:	<none>
Form params:	<none>
Path params:	<none>
Headers:		Accept=*/*
				Content-Type=application/json; charset=UTF-8
Cookies:		<none>
Multiparts:		<none>
Body:			<none>
HTTP/1.1 200 OK
Date: Wed, 24 Aug 2022 23:30:46 GMT
Content-Type: application/json
Transfer-Encoding: chunked
Connection: keep-alive
Access-Control-Allow-Origin: *
Access-Control-Allow-Methods: GET, POST, DELETE, PUT
Access-Control-Allow-Headers: Content-Type, api_key, Authorization
Server: Jetty(9.2.9.v20150224)

{
    "code": 200,
    "type": "unknown",
    "message": "501199610"
}
]]></system-out>
  <system-err><![CDATA[]]></system-err>
</testsuite>
